# JRE version: Java(TM) SE Runtime Environment (9.0+11) (build 9.0.4+11)
# Java VM: Java HotSpot(TM) 64-Bit Server VM (9.0.4+11, mixed mode, tiered, compressed oops, g1 gc, windows-amd64)
Heap:
 garbage-first heap   total 188416K, used 95788K [0x0000000700000000, 0x00000007001005c0, 0x00000007c0000000)
  region size 1024K, 27 young (27648K), 0 survivors (0K)
 Metaspace       used 80884K, capacity 86853K, committed 86940K, reserved 1124352K
  class space    used 11138K, capacity 12185K, committed 12188K, reserved 1048576K
GC Heap History (10 events):
Event: 430.222 GC heap before
{Heap before GC invocations=111 (full 48):
 garbage-first heap   total 188416K, used 101617K [0x0000000700000000, 0x00000007001005c0, 0x00000007c0000000)
  region size 1024K, 32 young (32768K), 0 survivors (0K)
 Metaspace       used 80687K, capacity 86661K, committed 86684K, reserved 1124352K
  class space    used 11138K, capacity 12185K, committed 12188K, reserved 1048576K
}
Event: 430.364 GC heap after
{Heap after GC invocations=112 (full 49):
 garbage-first heap   total 188416K, used 69905K [0x0000000700000000, 0x00000007001005c0, 0x00000007c0000000)
  region size 1024K, 0 young (0K), 0 survivors (0K)
 Metaspace       used 80687K, capacity 86661K, committed 86684K, reserved 1124352K
  class space    used 11138K, capacity 12185K, committed 12188K, reserved 1048576K
}
Event: 433.936 GC heap before
{Heap before GC invocations=112 (full 49):
 garbage-first heap   total 188416K, used 72977K [0x0000000700000000, 0x00000007001005c0, 0x00000007c0000000)
  region size 1024K, 4 young (4096K), 0 survivors (0K)
 Metaspace       used 80701K, capacity 86661K, committed 86684K, reserved 1124352K
  class space    used 11138K, capacity 12185K, committed 12188K, reserved 1048576K
}
Event: 434.068 GC heap after
{Heap after GC invocations=113 (full 50):
 garbage-first heap   total 188416K, used 69841K [0x0000000700000000, 0x00000007001005c0, 0x00000007c0000000)
  region size 1024K, 0 young (0K), 0 survivors (0K)
 Metaspace       used 80701K, capacity 86661K, committed 86684K, reserved 1124352K
  class space    used 11138K, capacity 12185K, committed 12188K, reserved 1048576K
}
Event: 435.175 GC heap before
{Heap before GC invocations=113 (full 50):
 garbage-first heap   total 188416K, used 71889K [0x0000000700000000, 0x00000007001005c0, 0x00000007c0000000)
  region size 1024K, 3 young (3072K), 0 survivors (0K)
 Metaspace       used 80705K, capacity 86661K, committed 86684K, reserved 1124352K
  class space    used 11138K, capacity 12185K, committed 12188K, reserved 1048576K
}
Event: 435.307 GC heap after
{Heap after GC invocations=114 (full 51):
 garbage-first heap   total 188416K, used 69834K [0x0000000700000000, 0x00000007001005c0, 0x00000007c0000000)
  region size 1024K, 0 young (0K), 0 survivors (0K)
 Metaspace       used 80705K, capacity 86661K, committed 86684K, reserved 1124352K
  class space    used 11138K, capacity 12185K, committed 12188K, reserved 1048576K
}
Event: 447.961 GC heap before
{Heap before GC invocations=114 (full 51):
 garbage-first heap   total 188416K, used 142538K [0x0000000700000000, 0x00000007001005c0, 0x00000007c0000000)
  region size 1024K, 60 young (61440K), 0 survivors (0K)
 Metaspace       used 80734K, capacity 86789K, committed 86940K, reserved 1124352K
  class space    used 11138K, capacity 12185K, committed 12188K, reserved 1048576K
}
Event: 447.964 GC heap after
{Heap after GC invocations=115 (full 51):
 garbage-first heap   total 188416K, used 81592K [0x0000000700000000, 0x00000007001005c0, 0x00000007c0000000)
  region size 1024K, 1 young (1024K), 1 survivors (1024K)
 Metaspace       used 80734K, capacity 86789K, committed 86940K, reserved 1124352K
  class space    used 11138K, capacity 12185K, committed 12188K, reserved 1048576K
}
Event: 449.793 GC heap before
{Heap before GC invocations=115 (full 51):
 garbage-first heap   total 188416K, used 99000K [0x0000000700000000, 0x00000007001005c0, 0x00000007c0000000)
  region size 1024K, 19 young (19456K), 1 survivors (1024K)
 Metaspace       used 80857K, capacity 86853K, committed 86940K, reserved 1124352K
  class space    used 11138K, capacity 12185K, committed 12188K, reserved 1048576K
}
Event: 449.930 GC heap after
{Heap after GC invocations=116 (full 52):
 garbage-first heap   total 188416K, used 69164K [0x0000000700000000, 0x00000007001005c0, 0x00000007c0000000)
  region size 1024K, 0 young (0K), 0 survivors (0K)
 Metaspace       used 80857K, capacity 86853K, committed 86940K, reserved 1124352K
  class space    used 11138K, capacity 12185K, committed 12188K, reserved 1048576K
}

